\BOOKMARK [0][-]{chapter.1}{Introduction}{}% 1
\BOOKMARK [1][-]{section.1.1}{Research Overview}{chapter.1}% 2
\BOOKMARK [2][-]{subsection.1.1.1}{Sociotechnical Ecosystem}{section.1.1}% 3
\BOOKMARK [2][-]{subsection.1.1.2}{Aggregation, Identifiability, and Anonymity}{section.1.1}% 4
\BOOKMARK [2][-]{subsection.1.1.3}{Multi-stakeholder Questions and Assumptions}{section.1.1}% 5
\BOOKMARK [2][-]{subsection.1.1.4}{Reimagining Data Doubles as Boundary Objects}{section.1.1}% 6
\BOOKMARK [1][-]{section.1.2}{Research Arc}{chapter.1}% 7
\BOOKMARK [1][-]{section.1.3}{Research Contributions}{chapter.1}% 8
\BOOKMARK [0][-]{chapter.2}{Literature Review}{}% 9
\BOOKMARK [1][-]{section.2.1}{Complexities of Data Work in Nonprofit Organizations}{chapter.2}% 10
\BOOKMARK [1][-]{section.2.2}{Data Doubles and their Performativity}{chapter.2}% 11
\BOOKMARK [1][-]{section.2.3}{Rational and Formal Logics}{chapter.2}% 12
\BOOKMARK [1][-]{section.2.4}{Map and Terrain}{chapter.2}% 13
\BOOKMARK [0][-]{chapter.3}{Sociotechnical Ecosystem}{}% 14
\BOOKMARK [1][-]{section.3.1}{Preface}{chapter.3}% 15
\BOOKMARK [1][-]{section.3.2}{Introduction}{chapter.3}% 16
\BOOKMARK [1][-]{section.3.3}{Related Work}{chapter.3}% 17
\BOOKMARK [2][-]{subsection.3.3.1}{Data-Driven Practices}{section.3.3}% 18
\BOOKMARK [2][-]{subsection.3.3.2}{Data in the Nonprofit Sector}{section.3.3}% 19
\BOOKMARK [1][-]{section.3.4}{Methods}{chapter.3}% 20
\BOOKMARK [2][-]{subsection.3.4.1}{Participants}{section.3.4}% 21
\BOOKMARK [2][-]{subsection.3.4.2}{Data Collection}{section.3.4}% 22
\BOOKMARK [2][-]{subsection.3.4.3}{Data Analysis}{section.3.4}% 23
\BOOKMARK [2][-]{subsection.3.4.4}{Methodological Limitations}{section.3.4}% 24
\BOOKMARK [2][-]{subsection.3.4.5}{Research Context: Monitoring \046 Evaluation in Mission Driven Organizations}{section.3.4}% 25
\BOOKMARK [1][-]{section.3.5}{Findings}{chapter.3}% 26
\BOOKMARK [2][-]{subsection.3.5.1}{Erosion of Autonomy}{section.3.5}% 27
\BOOKMARK [2][-]{subsection.3.5.2}{Data Drift}{section.3.5}% 28
\BOOKMARK [2][-]{subsection.3.5.3}{Data Fragmentation}{section.3.5}% 29
\BOOKMARK [1][-]{section.3.6}{Cycle of Disempowerment}{chapter.3}% 30
\BOOKMARK [2][-]{subsection.3.6.1}{Data Driven for Whom?}{section.3.6}% 31
\BOOKMARK [2][-]{subsection.3.6.2}{Disempowered at Whose Expense?}{section.3.6}% 32
\BOOKMARK [2][-]{subsection.3.6.3}{Designing to Disrupt the Cycle of Disempowerment}{section.3.6}% 33
\BOOKMARK [2][-]{subsection.3.6.4}{A Note About Our Use of Disempowerment}{section.3.6}% 34
\BOOKMARK [1][-]{section.3.7}{Conclusion}{chapter.3}% 35
\BOOKMARK [0][-]{chapter.4}{Aggregation, Identifiability, and Anonymity}{}% 36
\BOOKMARK [1][-]{section.4.1}{Preface}{chapter.4}% 37
\BOOKMARK [1][-]{section.4.2}{Introduction}{chapter.4}% 38
\BOOKMARK [1][-]{section.4.3}{Literature Review}{chapter.4}% 39
\BOOKMARK [2][-]{subsection.4.3.1}{Infrastructure \046 Infrastructure Problems in Human-Centered Computing}{section.4.3}% 40
\BOOKMARK [2][-]{subsection.4.3.2}{The Data Work of Human Services Provision}{section.4.3}% 41
\BOOKMARK [1][-]{section.4.4}{Methods}{chapter.4}% 42
\BOOKMARK [2][-]{subsection.4.4.1}{Case Selection}{section.4.4}% 43
\BOOKMARK [2][-]{subsection.4.4.2}{Data Collection}{section.4.4}% 44
\BOOKMARK [2][-]{subsection.4.4.3}{Data Analysis}{section.4.4}% 45
\BOOKMARK [1][-]{section.4.5}{Results}{chapter.4}% 46
\BOOKMARK [2][-]{subsection.4.5.1}{Variants of Identifiers Used as Primary Keys}{section.4.5}% 47
\BOOKMARK [2][-]{subsection.4.5.2}{The Sociotechnical Work of the Primary Key}{section.4.5}% 48
\BOOKMARK [1][-]{section.4.6}{Discussion: Infrastructure Problems \046 the Coerciveness of the Primary Key}{chapter.4}% 49
\BOOKMARK [2][-]{subsection.4.6.1}{The Immutability of Identifiers}{section.4.6}% 50
\BOOKMARK [2][-]{subsection.4.6.2}{The Hegemony of NOT NULL}{section.4.6}% 51
\BOOKMARK [2][-]{subsection.4.6.3}{The Demand for Uniqueness Within and Across Contexts}{section.4.6}% 52
\BOOKMARK [2][-]{subsection.4.6.4}{Enacting Public Policy through Infrastructural Abstractions}{section.4.6}% 53
\BOOKMARK [1][-]{section.4.7}{Conclusion}{chapter.4}% 54
\BOOKMARK [0][-]{chapter.5}{Multi-stakeholder Questions and Assumptions}{}% 55
\BOOKMARK [1][-]{section.5.1}{Introduction}{chapter.5}% 56
\BOOKMARK [1][-]{section.5.2}{Literature Review}{chapter.5}% 57
\BOOKMARK [2][-]{subsection.5.2.1}{Outcome Assessment Audience}{section.5.2}% 58
\BOOKMARK [2][-]{subsection.5.2.2}{Decisions across Stakeholder Levels}{section.5.2}% 59
\BOOKMARK [2][-]{subsection.5.2.3}{Map \046 Terrain}{section.5.2}% 60
\BOOKMARK [1][-]{section.5.3}{Methodology}{chapter.5}% 61
\BOOKMARK [2][-]{subsection.5.3.1}{Participants}{section.5.3}% 62
\BOOKMARK [2][-]{subsection.5.3.2}{Workshops}{section.5.3}% 63
\BOOKMARK [1][-]{section.5.4}{Data Analysis}{chapter.5}% 64
\BOOKMARK [1][-]{section.5.5}{Outcome Metric Perspectives}{chapter.5}% 65
\BOOKMARK [2][-]{subsection.5.5.1}{Sociocentric Perspective}{section.5.5}% 66
\BOOKMARK [2][-]{subsection.5.5.2}{Egocentric Perspective}{section.5.5}% 67
\BOOKMARK [1][-]{section.5.6}{Outcome Assumptions}{chapter.5}% 68
\BOOKMARK [2][-]{subsection.5.6.1}{Audience for Outcomes}{section.5.6}% 69
\BOOKMARK [2][-]{subsection.5.6.2}{Decision Making Assumptions}{section.5.6}% 70
\BOOKMARK [2][-]{subsection.5.6.3}{Knowability Assumptions}{section.5.6}% 71
\BOOKMARK [1][-]{section.5.7}{Discussion}{chapter.5}% 72
\BOOKMARK [2][-]{subsection.5.7.1}{Panopticons and Panoramas}{section.5.7}% 73
\BOOKMARK [2][-]{subsection.5.7.2}{Understanding Homelessness through a Panopticon}{section.5.7}% 74
\BOOKMARK [2][-]{subsection.5.7.3}{Panoramas to Oligopticons}{section.5.7}% 75
\BOOKMARK [2][-]{subsection.5.7.4}{Understanding Homelessness through an Oligopticon}{section.5.7}% 76
\BOOKMARK [2][-]{subsection.5.7.5}{Designing for Oligopticonic Information Systems}{section.5.7}% 77
\BOOKMARK [1][-]{section.5.8}{Conclusion}{chapter.5}% 78
\BOOKMARK [0][-]{chapter.6}{Reimagining Data Doubles as Boundary Objects}{}% 79
\BOOKMARK [1][-]{section.6.1}{Data Doubles}{chapter.6}% 80
\BOOKMARK [2][-]{subsection.6.1.1}{Data Doubles in this Research}{section.6.1}% 81
\BOOKMARK [2][-]{subsection.6.1.2}{Identified Challenges in Constructing Data Doubles}{section.6.1}% 82
\BOOKMARK [1][-]{section.6.2}{Data Doubles as Boundary Objects}{chapter.6}% 83
\BOOKMARK [1][-]{section.6.3}{Implications for Human Services Organizations}{chapter.6}% 84
\BOOKMARK [0][-]{chapter.7}{Conclusion}{}% 85
\BOOKMARK [1][-]{section.7.1}{Summary of Contributions}{chapter.7}% 86
\BOOKMARK [1][-]{section.7.2}{Research Questions}{chapter.7}% 87
\BOOKMARK [1][-]{section.7.3}{Limitations \046 Future Work}{chapter.7}% 88
\BOOKMARK [2][-]{subsection.7.3.1}{Flexible Oligopticonic Data Structures}{section.7.3}% 89
\BOOKMARK [2][-]{subsection.7.3.2}{Integration of Qualitative Data}{section.7.3}% 90
\BOOKMARK [2][-]{subsection.7.3.3}{Bottom-Up Feedback and Control}{section.7.3}% 91
\BOOKMARK [0][-]{chapter*.47}{Bibliography}{}% 92
